[20-07-30 16:09:41] [PicqBotX] [INFO] 
[20-07-30 16:09:41] [PicqBotX] [INFO]     ____  _            ____        __ _  __
[20-07-30 16:09:41] [PicqBotX] [INFO]    / __ \(_)________ _/ __ )____  / /| |/ /
[20-07-30 16:09:41] [PicqBotX] [INFO]   / /_/ / / ___/ __ `/ __  / __ \/ __/   /
[20-07-30 16:09:41] [PicqBotX] [INFO]  / ____/ / /__/ /_/ / /_/ / /_/ / /_/   |
[20-07-30 16:09:41] [PicqBotX] [INFO] /_/   /_/\___/\__, /_____/\____/\__/_/|_|
[20-07-30 16:09:41] [PicqBotX] [INFO]                 /_/         v4.15.0.1058
[20-07-30 16:09:41] [PicqBotX] [INFO] 日志管理器     初始化完成 [******] ...(9.73 ms)
[20-07-30 16:09:41] [PicqBotX] [INFO] 缓存管理器     初始化完成 [******] ...(0.52 ms)
[20-07-30 16:09:41] [PicqBotX] [INFO] DEBUG设置     初始化完成 [******] ...(0.01 ms)
[20-07-30 16:09:41] [PicqBotX] [INFO] 事件管理器     初始化完成 [******] ...(5.84 ms)
[20-07-30 16:09:41] [PicqBotX] [INFO] 账号管理器     初始化完成 [******] ...(0.45 ms)
[20-07-30 16:09:41] [PicqBotX] [INFO] HTTP监听服务器 初始化完成 [******] ...(0.32 ms)
[20-07-30 16:09:41] [PicqBotX] [INFO] MagicBotDebug 已经注册机器人账号:二号机本机测试
[20-07-30 16:09:41] [PicqBotX] [INFO] 指令管理器     初始化完成 [******] ...(0.51 ms)
[20-07-30 16:09:42] [PicqBotX] [WARNING] 账号 二号机本机测试: 版本正确, 不过用酷Q Pro的话效果更好哦!
[20-07-30 16:09:42] [PicqBotX] [INFO] 账号 二号机本机测试:   版本验证完成!
[20-07-30 16:09:42] [PicqBotX] [INFO] 正在启动...
[20-07-30 16:09:42] [PicqBotX] [INFO] MagicBotDebug 启动成功!
[20-07-30 16:09:42] [SqlLite] [INFO]  已经找到数据文件!
[20-07-30 16:09:42] [SqlLite] [INFO]  开始校验数据版本!
[20-07-30 16:09:42] [SqlLite] [INFO]  当前版本:0.0.3,最新版本:0.0.3
